<?xml version="1.0" encoding="UTF-8"?>
<!-- Generated by org.testng.reporters.JUnitReportReporter -->
<testsuite hostname="qaplanet-PC" name="restassuredtests.POST_Request" tests="1" failures="0" timestamp="18 Jul 2019 08:04:47 GMT" time="3.002" errors="0">
  <testcase name="testpost" time="3.002" classname="restassuredtests.POST_Request"/>
</testsuite> <!-- restassuredtests.POST_Request -->
