<?xml version="1.0" encoding="UTF-8"?>
<!-- Generated by org.testng.reporters.JUnitReportReporter -->
<testsuite hostname="qaplanet-PC" name="restassuredtests.GET_Request" tests="1" failures="0" timestamp="17 Jul 2019 14:31:51 GMT" time="2.425" errors="0">
  <testcase name="getWeatherDetails" time="2.425" classname="restassuredtests.GET_Request"/>
</testsuite> <!-- restassuredtests.GET_Request -->
